# JRE version: Java(TM) SE Runtime Environment (18.0.2.1+1) (build 18.0.2.1+1-1)
# Java VM: Java HotSpot(TM) 64-Bit Server VM (18.0.2.1+1-1, mixed mode, sharing, tiered, compressed oops, compressed class ptrs, g1 gc, windows-amd64)
GC Precious Log:
 CardTable entry size: 512
 Card Set container configuration: InlinePtr #cards 5 size 8 Array Of Cards #cards 12 size 40 Howl #buckets 4 coarsen threshold 1843 Howl Bitmap #cards 512 size 80 coarsen threshold 460 Card regions per heap region 1 cards per card region 2048
 CPUs: 8 total, 8 available
 Memory: 7967M
 Large Page Support: Disabled
 NUMA Support: Disabled
 Compressed Oops: Enabled (32-bit)
 Heap Region Size: 1M
 Heap Min Capacity: 8M
 Heap Initial Capacity: 126M
 Heap Max Capacity: 1992M
 Pre-touch: Disabled
 Parallel Workers: 8
 Concurrent Workers: 2
 Concurrent Refinement Workers: 8
 Periodic GC: Disabled
Heap:
 garbage-first heap   total 112640K, used 57175K [0x0000000083800000, 0x0000000100000000)
  region size 1024K, 26 young (26624K), 1 survivors (1024K)
 Metaspace       used 69934K, committed 70464K, reserved 1114112K
  class space    used 8411K, committed 8704K, reserved 1048576K
GC Heap History (20 events):
Event: 5342.753 GC heap before
{Heap before GC invocations=77 (full 0):
 garbage-first heap   total 84992K, used 72936K [0x0000000083800000, 0x0000000100000000)
  region size 1024K, 40 young (40960K), 1 survivors (1024K)
 Metaspace       used 69879K, committed 70464K, reserved 1114112K
  class space    used 8409K, committed 8704K, reserved 1048576K
}
Event: 5342.757 GC heap after
{Heap after GC invocations=78 (full 0):
 garbage-first heap   total 84992K, used 34220K [0x0000000083800000, 0x0000000100000000)
  region size 1024K, 1 young (1024K), 1 survivors (1024K)
 Metaspace       used 69879K, committed 70464K, reserved 1114112K
  class space    used 8409K, committed 8704K, reserved 1048576K
}
Event: 5346.356 GC heap before
{Heap before GC invocations=79 (full 0):
 garbage-first heap   total 84992K, used 73132K [0x0000000083800000, 0x0000000100000000)
  region size 1024K, 40 young (40960K), 1 survivors (1024K)
 Metaspace       used 69883K, committed 70464K, reserved 1114112K
  class space    used 8411K, committed 8704K, reserved 1048576K
}
Event: 5346.360 GC heap after
{Heap after GC invocations=80 (full 0):
 garbage-first heap   total 84992K, used 34370K [0x0000000083800000, 0x0000000100000000)
  region size 1024K, 1 young (1024K), 1 survivors (1024K)
 Metaspace       used 69883K, committed 70464K, reserved 1114112K
  class space    used 8411K, committed 8704K, reserved 1048576K
}
Event: 5346.553 GC heap before
{Heap before GC invocations=80 (full 0):
 garbage-first heap   total 84992K, used 37442K [0x0000000083800000, 0x0000000100000000)
  region size 1024K, 4 young (4096K), 1 survivors (1024K)
 Metaspace       used 69883K, committed 70464K, reserved 1114112K
  class space    used 8411K, committed 8704K, reserved 1048576K
}
Event: 5346.557 GC heap after
{Heap after GC invocations=81 (full 0):
 garbage-first heap   total 84992K, used 33991K [0x0000000083800000, 0x0000000100000000)
  region size 1024K, 1 young (1024K), 1 survivors (1024K)
 Metaspace       used 69883K, committed 70464K, reserved 1114112K
  class space    used 8411K, committed 8704K, reserved 1048576K
}
Event: 5349.628 GC heap before
{Heap before GC invocations=81 (full 0):
 garbage-first heap   total 84992K, used 72903K [0x0000000083800000, 0x0000000100000000)
  region size 1024K, 40 young (40960K), 1 survivors (1024K)
 Metaspace       used 69883K, committed 70464K, reserved 1114112K
  class space    used 8411K, committed 8704K, reserved 1048576K
}
Event: 5349.630 GC heap after
{Heap after GC invocations=82 (full 0):
 garbage-first heap   total 84992K, used 33978K [0x0000000083800000, 0x0000000100000000)
  region size 1024K, 1 young (1024K), 1 survivors (1024K)
 Metaspace       used 69883K, committed 70464K, reserved 1114112K
  class space    used 8411K, committed 8704K, reserved 1048576K
}
Event: 5353.935 GC heap before
{Heap before GC invocations=83 (full 0):
 garbage-first heap   total 84992K, used 72890K [0x0000000083800000, 0x0000000100000000)
  region size 1024K, 40 young (40960K), 1 survivors (1024K)
 Metaspace       used 69890K, committed 70464K, reserved 1114112K
  class space    used 8411K, committed 8704K, reserved 1048576K
}
Event: 5353.937 GC heap after
{Heap after GC invocations=84 (full 0):
 garbage-first heap   total 84992K, used 33985K [0x0000000083800000, 0x0000000100000000)
  region size 1024K, 1 young (1024K), 1 survivors (1024K)
 Metaspace       used 69890K, committed 70464K, reserved 1114112K
  class space    used 8411K, committed 8704K, reserved 1048576K
}
Event: 5354.144 GC heap before
{Heap before GC invocations=84 (full 0):
 garbage-first heap   total 84992K, used 37057K [0x0000000083800000, 0x0000000100000000)
  region size 1024K, 4 young (4096K), 1 survivors (1024K)
 Metaspace       used 69904K, committed 70464K, reserved 1114112K
  class space    used 8411K, committed 8704K, reserved 1048576K
}
Event: 5354.148 GC heap after
{Heap after GC invocations=85 (full 0):
 garbage-first heap   total 84992K, used 33745K [0x0000000083800000, 0x0000000100000000)
  region size 1024K, 1 young (1024K), 1 survivors (1024K)
 Metaspace       used 69904K, committed 70464K, reserved 1114112K
  class space    used 8411K, committed 8704K, reserved 1048576K
}
Event: 5358.671 GC heap before
{Heap before GC invocations=85 (full 0):
 garbage-first heap   total 84992K, used 72657K [0x0000000083800000, 0x0000000100000000)
  region size 1024K, 40 young (40960K), 1 survivors (1024K)
 Metaspace       used 69920K, committed 70464K, reserved 1114112K
  class space    used 8411K, committed 8704K, reserved 1048576K
}
Event: 5358.673 GC heap after
{Heap after GC invocations=86 (full 0):
 garbage-first heap   total 84992K, used 33797K [0x0000000083800000, 0x0000000100000000)
  region size 1024K, 1 young (1024K), 1 survivors (1024K)
 Metaspace       used 69920K, committed 70464K, reserved 1114112K
  class space    used 8411K, committed 8704K, reserved 1048576K
}
Event: 5365.464 GC heap before
{Heap before GC invocations=87 (full 0):
 garbage-first heap   total 84992K, used 72709K [0x0000000083800000, 0x0000000100000000)
  region size 1024K, 40 young (40960K), 1 survivors (1024K)
 Metaspace       used 69925K, committed 70464K, reserved 1114112K
  class space    used 8411K, committed 8704K, reserved 1048576K
}
Event: 5365.466 GC heap after
{Heap after GC invocations=88 (full 0):
 garbage-first heap   total 84992K, used 33843K [0x0000000083800000, 0x0000000100000000)
  region size 1024K, 1 young (1024K), 1 survivors (1024K)
 Metaspace       used 69925K, committed 70464K, reserved 1114112K
  class space    used 8411K, committed 8704K, reserved 1048576K
}
Event: 5365.709 GC heap before
{Heap before GC invocations=88 (full 0):
 garbage-first heap   total 84992K, used 36915K [0x0000000083800000, 0x0000000100000000)
  region size 1024K, 4 young (4096K), 1 survivors (1024K)
 Metaspace       used 69925K, committed 70464K, reserved 1114112K
  class space    used 8411K, committed 8704K, reserved 1048576K
}
Event: 5365.716 GC heap after
{Heap after GC invocations=89 (full 0):
 garbage-first heap   total 84992K, used 33578K [0x0000000083800000, 0x0000000100000000)
  region size 1024K, 1 young (1024K), 1 survivors (1024K)
 Metaspace       used 69925K, committed 70464K, reserved 1114112K
  class space    used 8411K, committed 8704K, reserved 1048576K
}
Event: 5369.328 GC heap before
{Heap before GC invocations=89 (full 0):
 garbage-first heap   total 84992K, used 72490K [0x0000000083800000, 0x0000000100000000)
  region size 1024K, 40 young (40960K), 1 survivors (1024K)
 Metaspace       used 69933K, committed 70464K, reserved 1114112K
  class space    used 8411K, committed 8704K, reserved 1048576K
}
Event: 5369.331 GC heap after
{Heap after GC invocations=90 (full 0):
 garbage-first heap   total 112640K, used 33623K [0x0000000083800000, 0x0000000100000000)
  region size 1024K, 1 young (1024K), 1 survivors (1024K)
 Metaspace       used 69933K, committed 70464K, reserved 1114112K
  class space    used 8411K, committed 8704K, reserved 1048576K
}

