# JRE version: Java(TM) SE Runtime Environment (18.0.2.1+1) (build 18.0.2.1+1-1)
# Java VM: Java HotSpot(TM) 64-Bit Server VM (18.0.2.1+1-1, mixed mode, sharing, tiered, compressed oops, compressed class ptrs, g1 gc, windows-amd64)
GC Precious Log:
 CardTable entry size: 512
 Card Set container configuration: InlinePtr #cards 5 size 8 Array Of Cards #cards 12 size 40 Howl #buckets 4 coarsen threshold 1843 Howl Bitmap #cards 512 size 80 coarsen threshold 460 Card regions per heap region 1 cards per card region 2048
 CPUs: 8 total, 8 available
 Memory: 7967M
 Large Page Support: Disabled
 NUMA Support: Disabled
 Compressed Oops: Enabled (32-bit)
 Heap Region Size: 1M
 Heap Min Capacity: 8M
 Heap Initial Capacity: 126M
 Heap Max Capacity: 1992M
 Pre-touch: Disabled
 Parallel Workers: 8
 Concurrent Workers: 2
 Concurrent Refinement Workers: 8
 Periodic GC: Disabled
Heap:
 garbage-first heap   total 122880K, used 74534K [0x0000000083800000, 0x0000000100000000)
  region size 1024K, 39 young (39936K), 1 survivors (1024K)
 Metaspace       used 69891K, committed 70464K, reserved 1114112K
  class space    used 8442K, committed 8704K, reserved 1048576K
GC Heap History (20 events):
Event: 853.043 GC heap before
{Heap before GC invocations=198 (full 0):
 garbage-first heap   total 122880K, used 108415K [0x0000000083800000, 0x0000000100000000)
  region size 1024K, 71 young (72704K), 1 survivors (1024K)
 Metaspace       used 69843K, committed 70400K, reserved 1114112K
  class space    used 8435K, committed 8704K, reserved 1048576K
}
Event: 853.045 GC heap after
{Heap after GC invocations=199 (full 0):
 garbage-first heap   total 122880K, used 36582K [0x0000000083800000, 0x0000000100000000)
  region size 1024K, 1 young (1024K), 1 survivors (1024K)
 Metaspace       used 69843K, committed 70400K, reserved 1114112K
  class space    used 8435K, committed 8704K, reserved 1048576K
}
Event: 853.793 GC heap before
{Heap before GC invocations=200 (full 0):
 garbage-first heap   total 122880K, used 107238K [0x0000000083800000, 0x0000000100000000)
  region size 1024K, 71 young (72704K), 1 survivors (1024K)
 Metaspace       used 69843K, committed 70400K, reserved 1114112K
  class space    used 8435K, committed 8704K, reserved 1048576K
}
Event: 853.795 GC heap after
{Heap after GC invocations=201 (full 0):
 garbage-first heap   total 122880K, used 36600K [0x0000000083800000, 0x0000000100000000)
  region size 1024K, 1 young (1024K), 1 survivors (1024K)
 Metaspace       used 69843K, committed 70400K, reserved 1114112K
  class space    used 8435K, committed 8704K, reserved 1048576K
}
Event: 854.514 GC heap before
{Heap before GC invocations=201 (full 0):
 garbage-first heap   total 122880K, used 108280K [0x0000000083800000, 0x0000000100000000)
  region size 1024K, 71 young (72704K), 1 survivors (1024K)
 Metaspace       used 69843K, committed 70400K, reserved 1114112K
  class space    used 8435K, committed 8704K, reserved 1048576K
}
Event: 854.516 GC heap after
{Heap after GC invocations=202 (full 0):
 garbage-first heap   total 122880K, used 36607K [0x0000000083800000, 0x0000000100000000)
  region size 1024K, 1 young (1024K), 1 survivors (1024K)
 Metaspace       used 69843K, committed 70400K, reserved 1114112K
  class space    used 8435K, committed 8704K, reserved 1048576K
}
Event: 855.222 GC heap before
{Heap before GC invocations=203 (full 0):
 garbage-first heap   total 122880K, used 107263K [0x0000000083800000, 0x0000000100000000)
  region size 1024K, 71 young (72704K), 1 survivors (1024K)
 Metaspace       used 69843K, committed 70400K, reserved 1114112K
  class space    used 8435K, committed 8704K, reserved 1048576K
}
Event: 855.224 GC heap after
{Heap after GC invocations=204 (full 0):
 garbage-first heap   total 122880K, used 36627K [0x0000000083800000, 0x0000000100000000)
  region size 1024K, 1 young (1024K), 1 survivors (1024K)
 Metaspace       used 69843K, committed 70400K, reserved 1114112K
  class space    used 8435K, committed 8704K, reserved 1048576K
}
Event: 856.044 GC heap before
{Heap before GC invocations=204 (full 0):
 garbage-first heap   total 122880K, used 107283K [0x0000000083800000, 0x0000000100000000)
  region size 1024K, 71 young (72704K), 1 survivors (1024K)
 Metaspace       used 69843K, committed 70400K, reserved 1114112K
  class space    used 8435K, committed 8704K, reserved 1048576K
}
Event: 856.047 GC heap after
{Heap after GC invocations=205 (full 0):
 garbage-first heap   total 122880K, used 36578K [0x0000000083800000, 0x0000000100000000)
  region size 1024K, 1 young (1024K), 1 survivors (1024K)
 Metaspace       used 69843K, committed 70400K, reserved 1114112K
  class space    used 8435K, committed 8704K, reserved 1048576K
}
Event: 856.822 GC heap before
{Heap before GC invocations=206 (full 0):
 garbage-first heap   total 122880K, used 108258K [0x0000000083800000, 0x0000000100000000)
  region size 1024K, 71 young (72704K), 1 survivors (1024K)
 Metaspace       used 69843K, committed 70400K, reserved 1114112K
  class space    used 8435K, committed 8704K, reserved 1048576K
}
Event: 856.824 GC heap after
{Heap after GC invocations=207 (full 0):
 garbage-first heap   total 122880K, used 36631K [0x0000000083800000, 0x0000000100000000)
  region size 1024K, 1 young (1024K), 1 survivors (1024K)
 Metaspace       used 69843K, committed 70400K, reserved 1114112K
  class space    used 8435K, committed 8704K, reserved 1048576K
}
Event: 857.574 GC heap before
{Heap before GC invocations=207 (full 0):
 garbage-first heap   total 122880K, used 108311K [0x0000000083800000, 0x0000000100000000)
  region size 1024K, 71 young (72704K), 1 survivors (1024K)
 Metaspace       used 69843K, committed 70400K, reserved 1114112K
  class space    used 8435K, committed 8704K, reserved 1048576K
}
Event: 857.576 GC heap after
{Heap after GC invocations=208 (full 0):
 garbage-first heap   total 122880K, used 36614K [0x0000000083800000, 0x0000000100000000)
  region size 1024K, 1 young (1024K), 1 survivors (1024K)
 Metaspace       used 69843K, committed 70400K, reserved 1114112K
  class space    used 8435K, committed 8704K, reserved 1048576K
}
Event: 858.333 GC heap before
{Heap before GC invocations=209 (full 0):
 garbage-first heap   total 122880K, used 107270K [0x0000000083800000, 0x0000000100000000)
  region size 1024K, 71 young (72704K), 1 survivors (1024K)
 Metaspace       used 69843K, committed 70400K, reserved 1114112K
  class space    used 8435K, committed 8704K, reserved 1048576K
}
Event: 858.335 GC heap after
{Heap after GC invocations=210 (full 0):
 garbage-first heap   total 122880K, used 36622K [0x0000000083800000, 0x0000000100000000)
  region size 1024K, 1 young (1024K), 1 survivors (1024K)
 Metaspace       used 69843K, committed 70400K, reserved 1114112K
  class space    used 8435K, committed 8704K, reserved 1048576K
}
Event: 859.055 GC heap before
{Heap before GC invocations=210 (full 0):
 garbage-first heap   total 122880K, used 108302K [0x0000000083800000, 0x0000000100000000)
  region size 1024K, 71 young (72704K), 1 survivors (1024K)
 Metaspace       used 69844K, committed 70400K, reserved 1114112K
  class space    used 8435K, committed 8704K, reserved 1048576K
}
Event: 859.058 GC heap after
{Heap after GC invocations=211 (full 0):
 garbage-first heap   total 122880K, used 36579K [0x0000000083800000, 0x0000000100000000)
  region size 1024K, 1 young (1024K), 1 survivors (1024K)
 Metaspace       used 69844K, committed 70400K, reserved 1114112K
  class space    used 8435K, committed 8704K, reserved 1048576K
}
Event: 859.684 GC heap before
{Heap before GC invocations=212 (full 0):
 garbage-first heap   total 122880K, used 107235K [0x0000000083800000, 0x0000000100000000)
  region size 1024K, 71 young (72704K), 1 survivors (1024K)
 Metaspace       used 69844K, committed 70400K, reserved 1114112K
  class space    used 8435K, committed 8704K, reserved 1048576K
}
Event: 859.687 GC heap after
{Heap after GC invocations=213 (full 0):
 garbage-first heap   total 122880K, used 36646K [0x0000000083800000, 0x0000000100000000)
  region size 1024K, 1 young (1024K), 1 survivors (1024K)
 Metaspace       used 69844K, committed 70400K, reserved 1114112K
  class space    used 8435K, committed 8704K, reserved 1048576K
}

